<?xml version="1.0" encoding="UTF-8"?>
<!-- Generated by org.testng.reporters.JUnitReportReporter -->
<testsuite hostname="LAPTOP-J66Q2AT5" failures="0" tests="2" name="Cucumber.TestRunner" time="100.514" errors="0" timestamp="2022-09-24T04:11:43 IST" skipped="0">
  <testcase classname="Cucumber.TestRunner" name="runScenario" time="37.494"/>
  <system-out/>
  <testcase classname="Cucumber.TestRunner" name="runScenario" time="63.020"/>
  <system-out/>
</testsuite> <!-- Cucumber.TestRunner -->
