<?xml version="1.0" encoding="UTF-8"?>
<!-- Generated by org.testng.reporters.JUnitReportReporter -->
<testsuite hostname="LAPTOP-J66Q2AT5" failures="0" tests="2" name="EcommerceFramework.PurchasePageTest" time="132.102" errors="0" timestamp="2022-09-23T22:33:16 IST" skipped="0">
  <testcase classname="EcommerceFramework.PurchasePageTest" name="PurchaseDress" time="89.389"/>
  <system-out/>
  <testcase classname="EcommerceFramework.PurchasePageTest" name="PurchaseDress" time="42.713"/>
  <system-out/>
</testsuite> <!-- EcommerceFramework.PurchasePageTest -->
