<?xml version="1.0" encoding="UTF-8"?>
<!-- Generated by org.testng.reporters.JUnitReportReporter -->
<testsuite hostname="LAPTOP-J66Q2AT5" failures="0" tests="2" name="EcommerceFramework.PurchasePageTest" time="137.747" errors="0" timestamp="2022-09-23T04:35:41 IST" skipped="0">
  <testcase classname="EcommerceFramework.PurchasePageTest" name="PurchaseDress" time="98.349"/>
  <system-out/>
  <testcase classname="EcommerceFramework.PurchasePageTest" name="PurchaseDress" time="39.398"/>
  <system-out/>
</testsuite> <!-- EcommerceFramework.PurchasePageTest -->
