<?xml version="1.0" encoding="UTF-8"?>
<!-- Generated by org.testng.reporters.JUnitReportReporter -->
<testsuite hostname="LAPTOP-J66Q2AT5" failures="0" tests="1" name="EcommerceFramework.AdPageTest" time="25.826" errors="0" timestamp="2022-09-23T04:21:48 IST" skipped="0">
  <testcase classname="EcommerceFramework.AdPageTest" name="callAdPage" time="25.826"/>
  <system-out/>
</testsuite> <!-- EcommerceFramework.AdPageTest -->
